<!DOCTYPE html PUBLIC "-//W3C//DTD XHTML 1.1//EN" "http://www.w3.org/TR/xhtml11/DTD/xhtml11.dtd">
<html xmlns="http://www.w3.org/1999/xhtml"><head><title>TestNG Report</title><style type="text/css">table {margin-bottom:10px;border-collapse:collapse;empty-cells:show}th,td {border:1px solid #009;padding:.25em .5em}th {vertical-align:bottom}td {vertical-align:top}table a {font-weight:bold}.stripe td {background-color: #E6EBF9}.num {text-align:right}.passedodd td {background-color: #3F3}.passedeven td {background-color: #0A0}.skippedodd td {background-color: #DDD}.skippedeven td {background-color: #CCC}.failedodd td,.attn {background-color: #F33}.failedeven td,.stripe .attn {background-color: #D00}.stacktrace {white-space:pre;font-family:monospace}.totop {font-size:85%;text-align:center;border-bottom:2px solid #000}</style></head><body><table><tr><th>Test</th><th># Passed</th><th># Skipped</th><th># Failed</th><th>Time (ms)</th><th>Included Groups</th><th>Excluded Groups</th></tr><tr><th colspan="7">UnitTestsDataProvider</th></tr><tr><td><a href="#t0">DataProviderTests</a></td><td class="num">0</td><td class="num attn">2</td><td class="num attn">2</td><td class="num">52</td><td></td><td></td></tr></table><table><thead><tr><th>Class</th><th>Method</th><th>Start</th><th>Time (ms)</th></tr></thead><tbody><tr><th colspan="4">UnitTestsDataProvider</th></tr></tbody><tbody id="t0"><tr><th colspan="4">DataProviderTests &#8212; failed (configuration methods)</th></tr><tr class="failedeven"><td rowspan="1">UnitTests.TestDataProviderTests</td><td><a href="#m0">setUp</a></td><td rowspan="1">1471418077941</td><td rowspan="1">0</td></tr><tr><th colspan="4">DataProviderTests &#8212; failed</th></tr><tr class="failedeven"><td rowspan="2">UnitTests.RunConfigurationTests</td><td><a href="#m1">testIEBrowserPath</a></td><td rowspan="1">1471418077936</td><td rowspan="1">1</td></tr><tr class="failedeven"><td><a href="#m2">testPageLoadTimeout</a></td><td rowspan="1">1471418077939</td><td rowspan="1">0</td></tr><tr><th colspan="4">DataProviderTests &#8212; skipped</th></tr><tr class="skippedeven"><td rowspan="2">UnitTests.TestDataProviderTests</td><td><a href="#m3">testProductID</a></td><td rowspan="1">1471418077944</td><td rowspan="1">0</td></tr><tr class="skippedeven"><td><a href="#m4">testUserName</a></td><td rowspan="1">1471418077945</td><td rowspan="1">0</td></tr></tbody></table><h2>DataProviderTests</h2><h3 id="m0">UnitTests.TestDataProviderTests#setUp</h3><table class="result"><tr><th>Exception</th></tr><tr><td><div class="stacktrace">java.lang.NoClassDefFoundError: org/apache/poi/ss/usermodel/Cell
	at UnitTests.TestDataProviderTests.setUp(TestDataProviderTests.java:18)
Caused by: java.lang.ClassNotFoundException: org.apache.poi.ss.usermodel.Cell
	at java.net.URLClassLoader.findClass(URLClassLoader.java:381)
	at java.lang.ClassLoader.loadClass(ClassLoader.java:424)
	at sun.misc.Launcher$AppClassLoader.loadClass(Launcher.java:331)
	at java.lang.ClassLoader.loadClass(ClassLoader.java:357)
	... 25 more
... Removed 24 stack frames</div></td></tr></table><p class="totop"><a href="#summary">back to summary</a></p><h3 id="m1">UnitTests.RunConfigurationTests#testIEBrowserPath</h3><table class="result"><tr><th>Exception</th></tr><tr><td><div class="stacktrace">java.lang.NoClassDefFoundError: org/junit/Assert
	at UnitTests.RunConfigurationTests.testIEBrowserPath(RunConfigurationTests.java:38)
Caused by: java.lang.ClassNotFoundException: org.junit.Assert
	at java.net.URLClassLoader.findClass(URLClassLoader.java:381)
	at java.lang.ClassLoader.loadClass(ClassLoader.java:424)
	at sun.misc.Launcher$AppClassLoader.loadClass(Launcher.java:331)
	at java.lang.ClassLoader.loadClass(ClassLoader.java:357)
	... 25 more
... Removed 24 stack frames</div></td></tr></table><p class="totop"><a href="#summary">back to summary</a></p><h3 id="m2">UnitTests.RunConfigurationTests#testPageLoadTimeout</h3><table class="result"><tr><th>Exception</th></tr><tr><td><div class="stacktrace">java.lang.NoClassDefFoundError: org/junit/Assert
	at UnitTests.RunConfigurationTests.testPageLoadTimeout(RunConfigurationTests.java:32)
... Removed 24 stack frames</div></td></tr></table><p class="totop"><a href="#summary">back to summary</a></p><h3 id="m3">UnitTests.TestDataProviderTests#testProductID</h3><table class="result"></table><p class="totop"><a href="#summary">back to summary</a></p><h3 id="m4">UnitTests.TestDataProviderTests#testUserName</h3><table class="result"></table><p class="totop"><a href="#summary">back to summary</a></p></body></html>