<?xml version="1.0" encoding="UTF-8"?>
<!-- Generated by org.testng.reporters.JUnitXMLReporter -->
<testsuite hostname="ceko-PC" name="DataProviderTests" tests="4" failures="2" timestamp="17 Aug 2016 07:14:38 GMT" time="0.052" errors="0">
  <testcase name="@BeforeClass setUp" time="0.0" classname="UnitTests.TestDataProviderTests">
    <failure type="java.lang.NoClassDefFoundError" message="org/apache/poi/ss/usermodel/Cell">
      <![CDATA[java.lang.NoClassDefFoundError: org/apache/poi/ss/usermodel/Cell
	at UnitTests.TestDataProviderTests.setUp(TestDataProviderTests.java:18)
Caused by: java.lang.ClassNotFoundException: org.apache.poi.ss.usermodel.Cell
	at java.net.URLClassLoader.findClass(URLClassLoader.java:381)
	at java.lang.ClassLoader.loadClass(ClassLoader.java:424)
	at sun.misc.Launcher$AppClassLoader.loadClass(Launcher.java:331)
	at java.lang.ClassLoader.loadClass(ClassLoader.java:357)
	... 25 more
... Removed 24 stack frames]]>
    </failure>
  </testcase> <!-- @BeforeClass setUp -->
  <testcase name="testIEBrowserPath" time="0.001" classname="UnitTests.RunConfigurationTests">
    <failure type="java.lang.NoClassDefFoundError" message="org/junit/Assert">
      <![CDATA[java.lang.NoClassDefFoundError: org/junit/Assert
	at UnitTests.RunConfigurationTests.testIEBrowserPath(RunConfigurationTests.java:38)
Caused by: java.lang.ClassNotFoundException: org.junit.Assert
	at java.net.URLClassLoader.findClass(URLClassLoader.java:381)
	at java.lang.ClassLoader.loadClass(ClassLoader.java:424)
	at sun.misc.Launcher$AppClassLoader.loadClass(Launcher.java:331)
	at java.lang.ClassLoader.loadClass(ClassLoader.java:357)
	... 25 more
... Removed 24 stack frames]]>
    </failure>
  </testcase> <!-- testIEBrowserPath -->
  <testcase name="testPageLoadTimeout" time="0.0" classname="UnitTests.RunConfigurationTests">
    <failure type="java.lang.NoClassDefFoundError" message="org/junit/Assert">
      <![CDATA[java.lang.NoClassDefFoundError: org/junit/Assert
	at UnitTests.RunConfigurationTests.testPageLoadTimeout(RunConfigurationTests.java:32)
... Removed 24 stack frames]]>
    </failure>
  </testcase> <!-- testPageLoadTimeout -->
  <testcase name="testProductID" time="0.0" classname="UnitTests.TestDataProviderTests">
    <skipped/>
  </testcase> <!-- testProductID -->
  <testcase name="testUserName" time="0.0" classname="UnitTests.TestDataProviderTests">
    <skipped/>
  </testcase> <!-- testUserName -->
</testsuite> <!-- DataProviderTests -->
